2024-05-18 05:58:33,788 - root - INFO - Prompt: 
Create one memorable passphrase in Latvian for the following application: 
Should be a correct meaningful sentence
at least 4 words, at least 13 symbols, no more than 25 symbols 
Write as {"passphrase" : "your_passphrase"} 

2024-05-18 06:03:51,250 - root - INFO - Prompt: 
Create one memorable passphrase in Latvian for the following application: 
Should be a correct meaningful sentence
at least 4 words, at least 13 symbols, no more than 25 symbols 
Write as {"passphrase" : "your_passphrase"} 

2024-05-18 06:10:12,482 - root - INFO - Prompt: 
Create one memorable passphrase in Latvian for the following application: 
Should be a correct meaningful sentence
at least 4 words, at least 13 symbols, no more than 25 symbols 
Write as {"passphrase" : "your_passphrase"} 

2024-05-18 06:49:07,407 - root - INFO - Prompt: 
Create one memorable passphrase in Latvian for the following application: 
Should be a correct meaningful sentence
at least 4 words, at least 13 symbols, no more than 25 symbols 
Write as {"passphrase" : "your_passphrase"} 

2024-05-18 06:51:31,537 - root - INFO - Prompt: 
Create one memorable passphrase in Latvian for the following application: 
Should be a meaningful sentence: Subject - verb - object
at least 3 words, at least 13 symbols, no more than 25 symbols 
Write as {"passphrase" : "your_passphrase"} 

2024-05-18 06:59:35,881 - root - INFO - Prompt: 
Create one memorable passphrase in Latvian for the following application: 
Should be a meaningful sentence: Subject - verb - object
at least 3 words, at least 13 symbols, no more than 25 symbols 
Write as {"passphrase" : "your_passphrase"} 

2024-05-18 11:27:02,916 - root - INFO - Starting the server
2024-05-18 11:28:18,867 - root - INFO - Prompt: 
    Create one memorable passphrase in Latvian for the following application: 
    Should be a meaningful sentence: Subject - verb - object
    at least 3 words, at least 13 symbols, no more than 25 symbols 
    Write as {"passphrase" : "your_passphrase"}. Use only passphrase. 
    
2024-05-18 11:30:31,257 - root - INFO - Starting the server
2024-05-18 11:30:39,965 - root - INFO - Prompt: 
    Create one memorable passphrase in Latvian for the following application: 
    Should be a meaningful sentence: Subject - verb - object
    at least 3 words, at least 13 symbols, no more than 25 symbols 
    Write as {"passphrase" : "your_passphrase"}. Use only passphrase. 
    
2024-05-18 11:32:38,913 - root - INFO - Starting the server
2024-05-18 11:32:45,032 - root - INFO - Prompt: 
    Create one memorable passphrase in Latvian for the following application: 
    Should be a meaningful sentence: Subject - verb - object
    at least 3 words, at least 13 symbols, no more than 25 symbols 
    Write as {"passphrase" : "your_passphrase"}. Use only passphrase. 
    
2024-05-18 11:36:49,624 - root - INFO - Starting the server
2024-05-18 11:38:03,142 - root - INFO - Starting the server: {{http://localhost:8000/generate_password}}
2024-05-18 11:38:14,745 - root - INFO - Prompt: 
    Create one memorable passphrase in Latvian for the following application: 
    Should be a meaningful sentence: Subject - verb - object
    at least 3 words, at least 13 symbols, no more than 25 symbols 
    Write as {"passphrase" : "your_passphrase"}. Use only passphrase. 
    
2024-05-19 02:53:38,056 - root - INFO - Starting the server: {{http://localhost:8000/generate_password}}
2024-05-19 03:08:19,213 - root - INFO - Starting the server: {{http://localhost:8000/generate_password}}
2024-05-19 03:10:49,314 - root - INFO - Starting the server: {{http://localhost:8000/generate_password}}
2024-05-19 03:11:13,565 - root - INFO - Starting the server: {{http://localhost:8000/generate_password}}
2024-05-19 03:11:43,897 - root - INFO - Starting the server: {{http://localhost:8000/generate_password}}
2024-05-19 03:12:50,443 - root - INFO - Starting the server: {{http://localhost:8000/generate_password}}
2024-05-19 03:13:09,191 - root - INFO - Prompt: 
    Create one memorable passphrase in Latvian for the following application: 
    Should be a meaningful sentence: Subject - verb - object
    at least 3 words, at least 13 symbols, no more than 25 symbols 
    Write as {"passphrase" : "your_passphrase"}. Use only passphrase. 
    
2024-05-19 03:33:25,764 - root - INFO - Starting the server: {{http://localhost:8000/generate_password}}
2024-05-19 03:34:36,563 - root - INFO - Starting the server: http://localhost:8000/generate-password
2024-05-19 03:45:43,175 - root - INFO - Starting the server: http://localhost:8000/generate-password
2024-05-19 03:48:13,166 - root - INFO - Starting the server: http://localhost:8000/generate-password
2024-05-19 03:49:08,045 - root - INFO - Starting the server: http://localhost:8000/generate-password
2024-05-19 03:50:53,261 - root - INFO - Starting the server: http://localhost:8000/generate-password
2024-05-19 04:03:27,297 - root - INFO - Starting the server: http://localhost:8000/generate-password
2024-05-19 04:08:07,044 - root - INFO - Starting the server: http://localhost:8000/generate-password
2024-05-19 04:09:23,531 - root - INFO - Prompt: 
    Create one memorable passphrase in Latvian for the following application Google Chrome: 
    Should be a meaningful sentence: Subject - verb - object
    at least 3 words, at least 13 symbols, no more than 25 symbols 
    Write as {"passphrase" : "your_passphrase"}. Use only passphrase. 
    
2024-05-19 04:10:33,538 - root - INFO - Starting the server: http://localhost:8000/generate-password
2024-05-19 04:10:53,487 - root - INFO - Prompt: 
    Create one memorable passphrase in Latvian for the following application Google Chrome: 
    Should be a meaningful sentence: Subject - verb - object
    at least 3 words, at least 13 symbols, no more than 25 symbols 
    Write as {"passphrase" : "your_passphrase"}. Use only passphrase. 
    
2024-05-19 04:14:51,190 - root - INFO - Starting the server: http://localhost:8000/generate-password
2024-05-19 04:15:04,042 - root - INFO - Prompt: 
    Create one memorable passphrase in Latvian for the following application Google Chrome
    and context: black. 
    Should be a meaningful sentence: Subject - verb - object
    at least 3 words, at least 13 symbols, no more than 25 symbols 
    Write as {"passphrase" : "your_passphrase"}. Use only passphrase. 
    
2024-05-19 04:16:48,142 - root - INFO - Starting the server: http://localhost:8000/generate-password
2024-05-19 04:17:07,411 - root - INFO - Prompt: 
    Create one memorable passphrase in Latvian for the following application Google Chrome
    and context: black. 
    Should be a meaningful sentence: Subject - verb - object
    at least 3 words, at least 13 symbols, no more than 25 symbols 
    Write as {"passphrase" : "your passphrase"}. Return only passphrase. 
    
2024-05-19 05:13:08,670 - root - INFO - Starting the server: http://localhost:8000/generate-password
2024-05-19 05:53:53,362 - root - INFO - Starting the server: http://localhost:8000/generate-password
2024-05-19 05:54:22,042 - root - INFO - Prompt: 
    Create one memorable passphrase in Latvian for the following application mdworker_shared
    and context: black. 
    Should be a meaningful sentence: Subject - verb - object
    at least 3 words, at least 13 symbols, no more than 25 symbols 
    Write as {"passphrase" : "your passphrase"}. Return only passphrase. 
    
2024-05-19 06:01:01,117 - root - INFO - Starting the server: http://localhost:8000/generate-password
2024-05-19 06:01:15,361 - root - INFO - Prompt: 
    Create one memorable passphrase in Latvian for the following application Google Chrome
    and context: black. 
    Should be a meaningful sentence: Subject - verb - object
    at least 3 words, at least 13 symbols, no more than 25 symbols 
    Write as {"passphrase" : "your passphrase"}. Return only passphrase. 
    
2024-05-19 06:16:44,465 - root - INFO - Starting the server: http://localhost:8000/generate-password
2024-05-19 06:17:01,220 - root - INFO - Prompt: 
    Create one memorable passphrase in Latvian for the following application Google Chrome
    and context: black. 
    Should be a meaningful sentence: Subject - verb - object
    at least 3 words, at least 13 symbols, no more than 25 symbols 
    Write as {"passphrase" : "your passphrase"}. Return only passphrase. 
    
2024-05-19 06:19:23,130 - root - INFO - Starting the server: http://localhost:8000/generate-password
2024-05-19 06:19:33,930 - root - INFO - Prompt: 
    Create one memorable passphrase in Latvian for the following application Google Chrome
    and context: black. 
    Should be a meaningful sentence: Subject - verb - object
    at least 3 words, at least 13 symbols, no more than 25 symbols 
    Write as {"passphrase" : "your passphrase"}. Return only passphrase. 
    
2024-05-19 06:23:26,818 - root - INFO - Starting the server: http://localhost:8000/generate-password
2024-05-19 06:23:45,203 - root - INFO - Prompt: 
    Create one memorable passphrase in Latvian for the following application Google Chrome
    and context: black. 
    Should be a meaningful sentence: Subject - verb - object
    at least 3 words, at least 13 symbols, no more than 25 symbols 
    Write as {"passphrase" : "your passphrase"}. Return only passphrase. 
    
2024-05-19 06:25:05,110 - root - INFO - Starting the server: http://localhost:8000/generate-password
2024-05-19 06:25:14,938 - root - INFO - Prompt: 
    Create one memorable passphrase in Latvian for the following application mdworker_shared
    and context: black. 
    Should be a meaningful sentence: Subject - verb - object
    at least 3 words, at least 13 symbols, no more than 25 symbols 
    Write as {"passphrase" : "your passphrase"}. Return only passphrase. 
    
2024-05-19 06:27:28,999 - root - INFO - Starting the server: http://localhost:8000/generate-password
2024-05-19 06:27:45,807 - root - INFO - Prompt: 
    Create one memorable passphrase in Latvian for the following application Google Chrome
    and context: black. 
    Should be a meaningful sentence: Subject - verb - object
    at least 3 words, at least 13 symbols, no more than 25 symbols 
    Write as {"passphrase" : "your passphrase"}. Return only passphrase. 
    
2024-05-19 06:29:18,179 - root - INFO - Starting the server: http://localhost:8000/generate-password
2024-05-19 06:29:39,459 - root - INFO - Prompt: 
    Create one memorable passphrase in Latvian for the following application Google Chrome
    and context: black. 
    Should be a meaningful sentence: Subject - verb - object
    at least 3 words, at least 13 symbols, no more than 25 symbols 
    Write as {"passphrase" : "your passphrase"}. Return only passphrase. 
    
2024-05-19 06:31:03,357 - root - INFO - Starting the server: http://localhost:8000/generate-password
2024-05-19 06:31:13,565 - root - INFO - Prompt: 
    Create one memorable passphrase in Latvian for the following application Google Chrome
    and context: black. 
    Should be a meaningful sentence: Subject - verb - object
    at least 3 words, at least 13 symbols, no more than 25 symbols 
    Write as {"passphrase" : "your passphrase"}. Return only passphrase. 
    
2024-05-19 06:32:23,789 - root - INFO - Starting the server: http://localhost:8000/generate-password
2024-05-19 06:32:32,503 - root - INFO - Prompt: 
    Create one memorable passphrase in Latvian for the following application Google Chrome
    and context: black. 
    Should be a meaningful sentence: Subject - verb - object
    at least 3 words, at least 13 symbols, no more than 25 symbols 
    Write as {"passphrase" : "your passphrase"}. Return only passphrase. 
    
2024-05-19 06:51:43,476 - root - INFO - Starting the server: http://localhost:8000/generate-password
2024-05-19 06:52:13,346 - root - INFO - Prompt: 
    Create one memorable passphrase in Latvian for the following application PAH_Extension
    and context: black. 
    Should be a meaningful sentence: Subject - verb - object
    at least 3 words, at least 13 symbols, no more than 25 symbols 
    Write as {"passphrase" : "your passphrase"}. Return only passphrase. 
    
2024-05-19 06:52:58,875 - root - INFO - Prompt: 
    Create one memorable passphrase in Latvian for the following application mdworker_shared
    and context: black. 
    Should be a meaningful sentence: Subject - verb - object
    at least 3 words, at least 13 symbols, no more than 25 symbols 
    Write as {"passphrase" : "your passphrase"}. Return only passphrase. 
    
2024-05-19 07:01:39,929 - root - INFO - Starting the server: http://localhost:8000/generate-password
2024-05-19 07:01:55,595 - root - INFO - Prompt: 
    Create one memorable passphrase in Latvian for the following application Python
    and context: black. 
    Should be a meaningful sentence: Subject - verb - object
    at least 3 words, at least 13 symbols, no more than 25 symbols 
    Write as {"passphrase" : "your passphrase"}. Return only passphrase. 
    
2024-05-19 07:03:07,586 - root - INFO - Starting the server: http://localhost:8000/generate-password
2024-05-19 07:06:36,541 - root - INFO - Starting the server: http://localhost:8000/generate-password
2024-05-19 07:07:14,362 - root - INFO - Starting the server: http://localhost:8000/generate-password
2024-05-19 07:07:49,293 - root - INFO - Starting the server: http://localhost:8000/generate-password
2024-05-19 07:09:00,852 - root - INFO - Starting the server: http://localhost:8000/generate-password
2024-05-19 07:09:21,541 - root - INFO - Prompt: 
    Create one memorable passphrase in Latvian for the following application Google Chrome
    and context: black. 
    Should be a meaningful sentence: Subject - verb - object
    at least 3 words, at least 13 symbols, no more than 25 symbols 
    Write as {"passphrase" : "your passphrase"}. Return only passphrase. 
    
2024-05-19 07:10:10,007 - root - INFO - Starting the server: http://localhost:8000/generate-password
2024-05-19 07:10:53,703 - root - INFO - Starting the server: http://localhost:8000/generate-password
2024-05-19 07:11:06,191 - root - INFO - Prompt: 
    Create one memorable passphrase in Latvian for the following application Google Chrome
    and context: black. 
    Should be a meaningful sentence: Subject - verb - object
    at least 3 words, at least 13 symbols, no more than 25 symbols 
    Write as {"passphrase" : "your passphrase"}. Return only passphrase. 
    
2024-05-19 07:12:08,574 - root - INFO - Starting the server: http://localhost:8000/generate-password
2024-05-19 07:12:21,191 - root - INFO - Prompt: 
    Create one memorable passphrase in Latvian for the following application mdworker_shared
    and context: black. 
    Should be a meaningful sentence: Subject - verb - object
    at least 3 words, at least 13 symbols, no more than 25 symbols 
    Write as {"passphrase" : "your passphrase"}. Return only passphrase. 
    
2024-05-19 07:13:14,358 - root - INFO - Starting the server: http://localhost:8000/generate-password
2024-05-19 07:14:16,959 - root - INFO - Prompt: 
    Create one memorable passphrase in Latvian for the following application Python
    and context: black. 
    Should be a meaningful sentence: Subject - verb - object
    at least 3 words, at least 13 symbols, no more than 25 symbols 
    Write as {"passphrase" : "your passphrase"}. Return only passphrase. 
    
2024-05-19 07:15:52,728 - root - INFO - Starting the server: http://localhost:8000/generate-password
2024-05-19 07:16:26,225 - root - INFO - Prompt: 
    Create one memorable passphrase in Latvian for the following application Google Chrome
    and context: black. 
    Should be a meaningful sentence: Subject - verb - object
    at least 3 words, at least 13 symbols, no more than 25 symbols 
    Write as {"passphrase" : "your passphrase"}. Return only passphrase. 
    
2024-05-19 07:22:52,096 - root - INFO - Starting the server: http://localhost:8000/generate-password
2024-05-19 07:32:42,181 - root - INFO - Starting the server: http://localhost:8000/generate-password
2024-05-19 07:32:58,424 - root - INFO - Prompt: 
    Create one memorable passphrase in Latvian for the following application Python
    and context: black. 
    Should be a meaningful sentence: Subject - verb - object
    at least 3 words, at least 13 symbols, no more than 25 symbols 
    Write as {"passphrase" : "your passphrase"}. Return only passphrase. 
    
2024-05-19 07:35:09,323 - root - INFO - key retrieved b'LuX-MuNf7nZ27nHvbLasajPdWkzo7xSbuduymw2emO8='
2024-05-19 07:35:12,195 - root - INFO - Starting the server: http://localhost:8000/generate-password
2024-05-19 07:35:24,500 - root - INFO - Prompt: 
    Create one memorable passphrase in Latvian for the following application Google Chrome
    and context: black. 
    Should be a meaningful sentence: Subject - verb - object
    at least 3 words, at least 13 symbols, no more than 25 symbols 
    Write as {"passphrase" : "your passphrase"}. Return only passphrase. 
    
2024-05-19 07:35:41,489 - root - INFO - key retrieved b'LuX-MuNf7nZ27nHvbLasajPdWkzo7xSbuduymw2emO8='
2024-05-19 07:35:44,281 - root - INFO - Starting the server: http://localhost:8000/generate-password
2024-05-19 07:35:48,808 - root - INFO - Prompt: 
    Create one memorable passphrase in Latvian for the following application mdworker_shared
    and context: black. 
    Should be a meaningful sentence: Subject - verb - object
    at least 3 words, at least 13 symbols, no more than 25 symbols 
    Write as {"passphrase" : "your passphrase"}. Return only passphrase. 
    
2024-05-19 07:36:54,622 - root - INFO - key retrieved b'LuX-MuNf7nZ27nHvbLasajPdWkzo7xSbuduymw2emO8='
2024-05-19 07:36:57,445 - root - INFO - Starting the server: http://localhost:8000/generate-password
2024-05-19 07:37:05,496 - root - INFO - Prompt: 
    Create one memorable passphrase in Latvian for the following application Python
    and context: black. 
    Should be a meaningful sentence: Subject - verb - object
    at least 3 words, at least 13 symbols, no more than 25 symbols 
    Write as {"passphrase" : "your passphrase"}. Return only passphrase. 
    
2024-05-19 07:38:27,323 - root - INFO - key retrieved b'LuX-MuNf7nZ27nHvbLasajPdWkzo7xSbuduymw2emO8='
2024-05-19 07:38:30,238 - root - INFO - Starting the server: http://localhost:8000/generate-password
2024-05-19 07:38:37,151 - root - INFO - Prompt: 
    Create one memorable passphrase in Latvian for the following application Python
    and context: black. 
    Should be a meaningful sentence: Subject - verb - object
    at least 3 words, at least 13 symbols, no more than 25 symbols 
    Write as {"passphrase" : "your passphrase"}. Return only passphrase. 
    
2024-05-19 07:44:59,306 - root - INFO - key retrieved b'LuX-MuNf7nZ27nHvbLasajPdWkzo7xSbuduymw2emO8='
2024-05-19 07:45:02,232 - root - INFO - Starting the server: http://localhost:8000/generate-password
2024-05-19 07:45:19,452 - root - INFO - Prompt: 
    Create one memorable passphrase in Latvian for the following application Python
    and context: black. 
    Should be a meaningful sentence: Subject - verb - object
    at least 3 words, at least 13 symbols, no more than 25 symbols 
    Write as {"passphrase" : "your passphrase"}. Return only passphrase. 
    
2024-05-19 07:46:43,746 - root - INFO - Prompt: 
    Create one memorable passphrase in Latvian for the following application VTDecoderXPCService
    and context: snow. 
    Should be a meaningful sentence: Subject - verb - object
    at least 3 words, at least 13 symbols, no more than 25 symbols 
    Write as {"passphrase" : "your passphrase"}. Return only passphrase. 
    
2024-05-19 08:13:37,070 - root - INFO - key retrieved b'LuX-MuNf7nZ27nHvbLasajPdWkzo7xSbuduymw2emO8='
2024-05-19 08:13:40,740 - root - INFO - Starting the server: http://localhost:8000/generate-password
2024-05-19 08:14:12,990 - root - INFO - Prompt: 
    Create one memorable passphrase in Latvian for the following application PyCharm
    and context: black. 
    Should be a meaningful sentence: Subject - verb - object
    at least 3 words, at least 13 symbols, no more than 25 symbols 
    Write as {"passphrase" : "your passphrase"}. Return only passphrase. 
    
2024-05-19 08:18:22,145 - root - INFO - key retrieved b'LuX-MuNf7nZ27nHvbLasajPdWkzo7xSbuduymw2emO8='
2024-05-19 08:18:24,996 - root - INFO - Starting the server: http://localhost:8000/generate-password
2024-05-19 08:18:46,525 - root - INFO - Prompt: 
    Create one memorable passphrase in Latvian for the following application Acrobat Reader
    and context: white. 
    Should be a meaningful sentence: Subject - verb - object
    at least 3 words, at least 13 symbols, no more than 25 symbols 
    Write as {"passphrase" : "your passphrase"}. Return only passphrase. 
    
2024-05-19 08:24:11,629 - root - INFO - key retrieved b'LuX-MuNf7nZ27nHvbLasajPdWkzo7xSbuduymw2emO8='
2024-05-19 08:24:14,562 - root - INFO - Starting the server: http://localhost:8000/generate-password
2024-05-19 08:25:12,546 - root - INFO - key retrieved b'LuX-MuNf7nZ27nHvbLasajPdWkzo7xSbuduymw2emO8='
2024-05-19 08:25:14,982 - root - INFO - Starting the server: http://localhost:8000/generate-password
2024-05-19 08:32:20,438 - root - INFO - key retrieved b'LuX-MuNf7nZ27nHvbLasajPdWkzo7xSbuduymw2emO8='
2024-05-19 08:32:23,246 - root - INFO - Starting the server: http://localhost:8000/generate-password
2024-05-19 08:32:55,038 - root - INFO - Prompt: 
    Create one memorable passphrase in Latvian for the following application Acrobat Reader
    and context: white. 
    Should be a meaningful sentence: Subject - verb - object
    at least 3 words, at least 13 symbols, no more than 25 symbols 
    Write as {"passphrase" : "your passphrase"}. Return only passphrase. 
    
2024-05-19 08:45:05,108 - root - INFO - key retrieved b'LuX-MuNf7nZ27nHvbLasajPdWkzo7xSbuduymw2emO8='
2024-05-19 08:45:54,669 - root - INFO - key retrieved b'LuX-MuNf7nZ27nHvbLasajPdWkzo7xSbuduymw2emO8='
2024-05-19 08:45:57,598 - root - INFO - Starting the server: http://localhost:8000/generate-password
2024-05-19 08:47:44,937 - root - INFO - key retrieved b'LuX-MuNf7nZ27nHvbLasajPdWkzo7xSbuduymw2emO8='
2024-05-19 08:47:47,836 - root - INFO - Starting the server: http://localhost:8000/generate-password
2024-05-19 08:49:17,958 - root - INFO - key retrieved b'LuX-MuNf7nZ27nHvbLasajPdWkzo7xSbuduymw2emO8='
2024-05-19 08:49:20,863 - root - INFO - Starting the server: http://localhost:8000/generate-password
2024-05-19 08:52:08,712 - root - INFO - key retrieved b'LuX-MuNf7nZ27nHvbLasajPdWkzo7xSbuduymw2emO8='
2024-05-19 08:52:12,031 - root - INFO - Starting the server: http://localhost:8000/generate-password
2024-05-19 08:52:28,961 - root - INFO - Prompt: 
    Create one memorable passphrase in German for the following application Acrobat Reader
    and context: white. 
    Should be a meaningful sentence: Subject - verb - object
    at least 3 words, at least 13 symbols, no more than 25 symbols 
    Write as {"passphrase" : "your passphrase"}. Return only passphrase. 
    
2024-05-19 08:54:25,428 - root - INFO - key retrieved b'LuX-MuNf7nZ27nHvbLasajPdWkzo7xSbuduymw2emO8='
2024-05-19 08:54:29,201 - root - INFO - Starting the server: http://localhost:8000/generate-password
2024-05-19 08:54:37,898 - root - INFO - key retrieved b'LuX-MuNf7nZ27nHvbLasajPdWkzo7xSbuduymw2emO8='
2024-05-19 08:54:40,864 - root - INFO - Starting the server: http://localhost:8000/generate-password
2024-05-19 08:54:58,193 - root - INFO - Prompt: 
    Create one memorable passphrase in German for the following application Acrobat Reader
    and context: white. 
    Should be a meaningful sentence: Subject - verb - object
    at least 3 words, at least 13 symbols, no more than 25 symbols 
    Write as {"passphrase" : "your passphrase"}. Return only passphrase. 
    
2024-05-19 09:00:17,471 - root - INFO - key retrieved b'LuX-MuNf7nZ27nHvbLasajPdWkzo7xSbuduymw2emO8='
2024-05-19 09:00:20,871 - root - INFO - Starting the server: http://localhost:8000/generate-password
2024-05-19 09:00:57,715 - root - INFO - key retrieved b'LuX-MuNf7nZ27nHvbLasajPdWkzo7xSbuduymw2emO8='
2024-05-19 09:01:00,566 - root - INFO - Starting the server: http://localhost:8000/generate-password
2024-05-19 09:02:04,134 - root - INFO - key retrieved b'LuX-MuNf7nZ27nHvbLasajPdWkzo7xSbuduymw2emO8='
2024-05-19 09:02:07,008 - root - INFO - Starting the server: http://localhost:8000/generate-password
2024-05-19 09:02:09,453 - root - INFO - ['./send_request.py']
2024-05-19 09:02:09,454 - pynput.keyboard.Listener - ERROR - Unhandled exception in listener callback
Traceback (most recent call last):
  File "/Users/garamantys/PycharmProjects/pythonProject/.venv/lib/python3.9/site-packages/pynput/_util/__init__.py", line 229, in inner
    return f(self, *args, **kwargs)
  File "/Users/garamantys/PycharmProjects/pythonProject/.venv/lib/python3.9/site-packages/pynput/_util/darwin.py", line 283, in _handler
    self._handle(proxy, event_type, event, refcon)
  File "/Users/garamantys/PycharmProjects/pythonProject/.venv/lib/python3.9/site-packages/pynput/keyboard/_darwin.py", line 289, in _handle
    self.on_press(key)
  File "/Users/garamantys/PycharmProjects/pythonProject/.venv/lib/python3.9/site-packages/pynput/_util/__init__.py", line 145, in inner
    if f(*args) is False:
  File "/Users/garamantys/PycharmProjects/pythonProject/./send_request.py", line 88, in on_press
    password = get_password(regenerate=True)
  File "/Users/garamantys/PycharmProjects/pythonProject/./send_request.py", line 48, in get_password
    language_of_locale = sys.argv[1]
IndexError: list index out of range
2024-05-19 09:02:36,003 - root - INFO - key retrieved b'LuX-MuNf7nZ27nHvbLasajPdWkzo7xSbuduymw2emO8='
2024-05-19 09:02:38,297 - root - INFO - ['./send_request.py', '""']
2024-05-19 09:02:38,305 - pynput.keyboard.Listener - ERROR - Unhandled exception in listener callback
Traceback (most recent call last):
  File "/Users/garamantys/PycharmProjects/pythonProject/.venv/lib/python3.9/site-packages/urllib3/connection.py", line 198, in _new_conn
    sock = connection.create_connection(
  File "/Users/garamantys/PycharmProjects/pythonProject/.venv/lib/python3.9/site-packages/urllib3/util/connection.py", line 85, in create_connection
    raise err
  File "/Users/garamantys/PycharmProjects/pythonProject/.venv/lib/python3.9/site-packages/urllib3/util/connection.py", line 73, in create_connection
    sock.connect(sa)
ConnectionRefusedError: [Errno 61] Connection refused

The above exception was the direct cause of the following exception:

Traceback (most recent call last):
  File "/Users/garamantys/PycharmProjects/pythonProject/.venv/lib/python3.9/site-packages/urllib3/connectionpool.py", line 793, in urlopen
    response = self._make_request(
  File "/Users/garamantys/PycharmProjects/pythonProject/.venv/lib/python3.9/site-packages/urllib3/connectionpool.py", line 496, in _make_request
    conn.request(
  File "/Users/garamantys/PycharmProjects/pythonProject/.venv/lib/python3.9/site-packages/urllib3/connection.py", line 400, in request
    self.endheaders()
  File "/Library/Developer/CommandLineTools/Library/Frameworks/Python3.framework/Versions/3.9/lib/python3.9/http/client.py", line 1252, in endheaders
    self._send_output(message_body, encode_chunked=encode_chunked)
  File "/Library/Developer/CommandLineTools/Library/Frameworks/Python3.framework/Versions/3.9/lib/python3.9/http/client.py", line 1012, in _send_output
    self.send(msg)
  File "/Library/Developer/CommandLineTools/Library/Frameworks/Python3.framework/Versions/3.9/lib/python3.9/http/client.py", line 952, in send
    self.connect()
  File "/Users/garamantys/PycharmProjects/pythonProject/.venv/lib/python3.9/site-packages/urllib3/connection.py", line 238, in connect
    self.sock = self._new_conn()
  File "/Users/garamantys/PycharmProjects/pythonProject/.venv/lib/python3.9/site-packages/urllib3/connection.py", line 213, in _new_conn
    raise NewConnectionError(
urllib3.exceptions.NewConnectionError: <urllib3.connection.HTTPConnection object at 0x1063fefd0>: Failed to establish a new connection: [Errno 61] Connection refused

The above exception was the direct cause of the following exception:

Traceback (most recent call last):
  File "/Users/garamantys/PycharmProjects/pythonProject/.venv/lib/python3.9/site-packages/requests/adapters.py", line 486, in send
    resp = conn.urlopen(
  File "/Users/garamantys/PycharmProjects/pythonProject/.venv/lib/python3.9/site-packages/urllib3/connectionpool.py", line 847, in urlopen
    retries = retries.increment(
  File "/Users/garamantys/PycharmProjects/pythonProject/.venv/lib/python3.9/site-packages/urllib3/util/retry.py", line 515, in increment
    raise MaxRetryError(_pool, url, reason) from reason  # type: ignore[arg-type]
urllib3.exceptions.MaxRetryError: HTTPConnectionPool(host='localhost', port=8000): Max retries exceeded with url: /generate-password?regenerate=True&full_language_name=Latvian (Caused by NewConnectionError('<urllib3.connection.HTTPConnection object at 0x1063fefd0>: Failed to establish a new connection: [Errno 61] Connection refused'))

During handling of the above exception, another exception occurred:

Traceback (most recent call last):
  File "/Users/garamantys/PycharmProjects/pythonProject/.venv/lib/python3.9/site-packages/pynput/_util/__init__.py", line 229, in inner
    return f(self, *args, **kwargs)
  File "/Users/garamantys/PycharmProjects/pythonProject/.venv/lib/python3.9/site-packages/pynput/_util/darwin.py", line 283, in _handler
    self._handle(proxy, event_type, event, refcon)
  File "/Users/garamantys/PycharmProjects/pythonProject/.venv/lib/python3.9/site-packages/pynput/keyboard/_darwin.py", line 289, in _handle
    self.on_press(key)
  File "/Users/garamantys/PycharmProjects/pythonProject/.venv/lib/python3.9/site-packages/pynput/_util/__init__.py", line 145, in inner
    if f(*args) is False:
  File "/Users/garamantys/PycharmProjects/pythonProject/./send_request.py", line 88, in on_press
    password = get_password(regenerate=True)
  File "/Users/garamantys/PycharmProjects/pythonProject/./send_request.py", line 59, in get_password
    response = requests.get(url)
  File "/Users/garamantys/PycharmProjects/pythonProject/.venv/lib/python3.9/site-packages/requests/api.py", line 73, in get
    return request("get", url, params=params, **kwargs)
  File "/Users/garamantys/PycharmProjects/pythonProject/.venv/lib/python3.9/site-packages/requests/api.py", line 59, in request
    return session.request(method=method, url=url, **kwargs)
  File "/Users/garamantys/PycharmProjects/pythonProject/.venv/lib/python3.9/site-packages/requests/sessions.py", line 589, in request
    resp = self.send(prep, **send_kwargs)
  File "/Users/garamantys/PycharmProjects/pythonProject/.venv/lib/python3.9/site-packages/requests/sessions.py", line 703, in send
    r = adapter.send(request, **kwargs)
  File "/Users/garamantys/PycharmProjects/pythonProject/.venv/lib/python3.9/site-packages/requests/adapters.py", line 519, in send
    raise ConnectionError(e, request=request)
requests.exceptions.ConnectionError: HTTPConnectionPool(host='localhost', port=8000): Max retries exceeded with url: /generate-password?regenerate=True&full_language_name=Latvian (Caused by NewConnectionError('<urllib3.connection.HTTPConnection object at 0x1063fefd0>: Failed to establish a new connection: [Errno 61] Connection refused'))
2024-05-19 09:02:38,916 - root - INFO - Starting the server: http://localhost:8000/generate-password
2024-05-19 09:07:00,301 - root - INFO - key retrieved b'LuX-MuNf7nZ27nHvbLasajPdWkzo7xSbuduymw2emO8='
2024-05-19 09:07:03,639 - root - INFO - Starting the server: http://localhost:8000/generate-password
2024-05-19 09:07:08,331 - root - INFO - ['./send_request.py', 'en']
2024-05-19 09:07:26,222 - root - INFO - Prompt: 
    Create one memorable passphrase in Latvian for the following application Acrobat Reader
    and context: white. 
    Should be a meaningful sentence: Subject - verb - object
    at least 3 words, at least 13 symbols, no more than 25 symbols 
    Write as {"passphrase" : "your passphrase"}. Return only passphrase. 
    
2024-05-19 09:07:44,017 - root - INFO - key retrieved b'LuX-MuNf7nZ27nHvbLasajPdWkzo7xSbuduymw2emO8='
2024-05-19 09:07:47,257 - root - INFO - Starting the server: http://localhost:8000/generate-password
2024-05-19 09:07:51,143 - root - INFO - ['./send_request.py', 'en']
2024-05-19 09:07:57,664 - root - INFO - Prompt: 
    Create one memorable passphrase in Latvian for the following application Acrobat Reader
    and context: white. 
    Should be a meaningful sentence: Subject - verb - object
    at least 3 words, at least 13 symbols, no more than 25 symbols 
    Write as {"passphrase" : "your passphrase"}. Return only passphrase. 
    
2024-05-19 09:08:42,009 - root - INFO - key retrieved b'LuX-MuNf7nZ27nHvbLasajPdWkzo7xSbuduymw2emO8='
2024-05-19 09:08:45,340 - root - INFO - Starting the server: http://localhost:8000/generate-password
2024-05-19 09:08:48,145 - root - INFO - ['./send_request.py', 'en']
2024-05-19 09:08:55,280 - root - INFO - Prompt: 
    Create one memorable passphrase in Latvian for the following application Acrobat Reader
    and context: white. 
    Should be a meaningful sentence: Subject - verb - object
    at least 3 words, at least 13 symbols, no more than 25 symbols 
    Write as {"passphrase" : "your passphrase"}. Return only passphrase. 
    
2024-05-19 09:09:39,524 - root - INFO - key retrieved b'LuX-MuNf7nZ27nHvbLasajPdWkzo7xSbuduymw2emO8='
2024-05-19 09:09:42,865 - root - INFO - Starting the server: http://localhost:8000/generate-password
2024-05-19 09:09:45,144 - root - INFO - ['./send_request.py', 'en']
2024-05-19 09:09:45,145 - root - INFO -  type of the argument <class 'str'>
2024-05-19 09:09:53,486 - root - INFO - Prompt: 
    Create one memorable passphrase in Latvian for the following application Acrobat Reader
    and context: white. 
    Should be a meaningful sentence: Subject - verb - object
    at least 3 words, at least 13 symbols, no more than 25 symbols 
    Write as {"passphrase" : "your passphrase"}. Return only passphrase. 
    
2024-05-19 09:10:19,973 - root - INFO - key retrieved b'LuX-MuNf7nZ27nHvbLasajPdWkzo7xSbuduymw2emO8='
2024-05-19 09:10:23,538 - root - INFO - Starting the server: http://localhost:8000/generate-password
2024-05-19 09:10:26,820 - root - INFO - ['./send_request.py', 'en']
2024-05-19 09:10:26,821 - root - INFO -  language of the locale en 
2024-05-19 09:10:35,270 - root - INFO - Prompt: 
    Create one memorable passphrase in Latvian for the following application Acrobat Reader
    and context: white. 
    Should be a meaningful sentence: Subject - verb - object
    at least 3 words, at least 13 symbols, no more than 25 symbols 
    Write as {"passphrase" : "your passphrase"}. Return only passphrase. 
    
2024-05-19 09:11:22,783 - root - INFO - key retrieved b'LuX-MuNf7nZ27nHvbLasajPdWkzo7xSbuduymw2emO8='
2024-05-19 09:11:26,217 - root - INFO - Starting the server: http://localhost:8000/generate-password
2024-05-19 09:11:26,355 - root - INFO - ['./send_request.py', 'en']
2024-05-19 09:11:26,355 - root - INFO -  language of the locale en 
2024-05-19 09:11:34,559 - root - INFO - Prompt: 
    Create one memorable passphrase in English for the following application Acrobat Reader
    and context: white. 
    Should be a meaningful sentence: Subject - verb - object
    at least 3 words, at least 13 symbols, no more than 25 symbols 
    Write as {"passphrase" : "your passphrase"}. Return only passphrase. 
    
2024-05-19 09:13:19,613 - root - INFO - key retrieved b'LuX-MuNf7nZ27nHvbLasajPdWkzo7xSbuduymw2emO8='
2024-05-19 09:13:23,276 - root - INFO - Starting the server: http://localhost:8000/generate-password
2024-05-19 09:13:27,751 - root - INFO - ['./send_request.py', 'en']
2024-05-19 09:13:27,751 - root - INFO -  language of the locale en 
2024-05-19 09:13:35,536 - root - INFO - Prompt: 
    Create one memorable passphrase in Persian; Farsi for the following application Acrobat Reader
    and context: white. 
    Should be a meaningful sentence: Subject - verb - object
    at least 3 words, at least 13 symbols, no more than 25 symbols 
    Write as {"passphrase" : "your passphrase"}. Return only passphrase. 
    
2024-05-19 09:14:42,018 - root - INFO - key retrieved b'LuX-MuNf7nZ27nHvbLasajPdWkzo7xSbuduymw2emO8='
2024-05-19 09:14:45,415 - root - INFO - Starting the server: http://localhost:8000/generate-password
2024-05-19 09:14:49,874 - root - INFO - ['./send_request.py', 'en']
2024-05-19 09:14:49,875 - root - INFO -  language of the locale en, language code fa 
2024-05-19 09:14:59,108 - root - INFO - Prompt: 
    Create one memorable passphrase in Persian; Farsi for the following application Acrobat Reader
    and context: white. 
    Should be a meaningful sentence: Subject - verb - object
    at least 3 words, at least 13 symbols, no more than 25 symbols 
    Write as {"passphrase" : "your passphrase"}. Return only passphrase. 
    
2024-05-19 09:19:42,102 - root - INFO - key retrieved b'LuX-MuNf7nZ27nHvbLasajPdWkzo7xSbuduymw2emO8='
2024-05-19 09:19:45,542 - root - INFO - Starting the server: http://localhost:8000/generate-password
2024-05-19 09:20:07,481 - root - INFO - ['./send_request.py', 'en']
2024-05-19 09:20:07,482 - root - INFO -  language of the locale en, language code fa 
2024-05-19 09:20:24,364 - root - INFO - Prompt: 
    Create one memorable passphrase in Persian; Farsi for the following application Acrobat Reader
    and context: white. 
    Should be a meaningful sentence: Subject - verb - object
    at least 3 words, at least 13 symbols, no more than 25 symbols 
    Write as {"passphrase" : "your passphrase"}. Return only passphrase. 
    
2024-05-19 09:22:46,832 - root - INFO - key retrieved b'LuX-MuNf7nZ27nHvbLasajPdWkzo7xSbuduymw2emO8='
2024-05-19 09:22:50,340 - root - INFO - Starting the server: http://localhost:8000/generate-password
2024-05-19 09:22:58,236 - root - INFO - ['./send_request.py', 'en']
2024-05-19 09:22:58,238 - root - INFO -  language of the locale en, language code fa 
2024-05-19 09:23:08,851 - root - INFO - Prompt: 
    Create one memorable passphrase in Persian for the following application Acrobat Reader
    and context: white. 
    Should be a meaningful sentence: Subject - verb - object
    at least 3 words, at least 13 symbols, no more than 25 symbols 
    Write as {"passphrase" : "your passphrase"}. Return only passphrase. 
    
2024-05-19 09:25:04,092 - root - INFO - key retrieved b'LuX-MuNf7nZ27nHvbLasajPdWkzo7xSbuduymw2emO8='
2024-05-19 09:25:07,432 - root - INFO - Starting the server: http://localhost:8000/generate-password
2024-05-19 09:25:10,466 - root - INFO - ['./send_request.py', 'en']
2024-05-19 09:25:10,467 - root - INFO -  language of the locale en, language code fa 
2024-05-19 09:25:22,028 - root - INFO - Prompt: 
    Create one memorable passphrase in Persian for the following application Acrobat Reader
    and context: white. 
    Should be a meaningful sentence: Subject - verb - object
    at least 3 words, at least 13 symbols, no more than 25 symbols 
    Write as {"passphrase" : "your passphrase"}. Return only passphrase. 
    
2024-05-19 09:26:56,064 - root - INFO - key retrieved b'LuX-MuNf7nZ27nHvbLasajPdWkzo7xSbuduymw2emO8='
2024-05-19 09:26:59,686 - root - INFO - Starting the server: http://localhost:8000/generate-password
2024-05-19 09:27:01,552 - root - INFO - ['./send_request.py', 'en']
2024-05-19 09:27:01,552 - root - INFO -  language of the locale en, language code fa 
2024-05-19 09:27:12,777 - root - INFO - Prompt: 
    Create one memorable passphrase in Persian for the following application Acrobat Reader
    and context: white. 
    Should be a meaningful sentence: Subject - verb - object
    at least 3 words, at least 13 symbols, no more than 25 symbols 
    Write as {"passphrase" : "your passphrase"}. Return only passphrase. 
    
2024-05-19 09:29:34,816 - root - INFO - key retrieved b'LuX-MuNf7nZ27nHvbLasajPdWkzo7xSbuduymw2emO8='
2024-05-19 09:29:38,282 - root - INFO - Starting the server: http://localhost:8000/generate-password
2024-05-19 09:29:42,363 - root - INFO - ['./send_request.py', 'en']
2024-05-19 09:29:42,364 - root - INFO -  language of the locale en, language code fa 
2024-05-19 09:29:54,353 - root - INFO - Prompt: 
    Create one memorable passphrase in Persian for the following application Acrobat Reader
    and context: white. 
    Should be a meaningful sentence: Subject - verb - object
    at least 3 words, at least 13 symbols, no more than 25 symbols 
    Write as {"passphrase" : "your passphrase"}. Return only passphrase. 
    
2024-05-19 09:30:46,474 - root - INFO - key retrieved b'LuX-MuNf7nZ27nHvbLasajPdWkzo7xSbuduymw2emO8='
2024-05-19 09:30:49,559 - root - INFO - ['./send_request.py', 'en']
2024-05-19 09:30:49,560 - root - INFO -  language of the locale en, language code fa 
2024-05-19 09:30:49,564 - pynput.keyboard.Listener - ERROR - Unhandled exception in listener callback
Traceback (most recent call last):
  File "/Users/garamantys/PycharmProjects/pythonProject/.venv/lib/python3.9/site-packages/urllib3/connection.py", line 198, in _new_conn
    sock = connection.create_connection(
  File "/Users/garamantys/PycharmProjects/pythonProject/.venv/lib/python3.9/site-packages/urllib3/util/connection.py", line 85, in create_connection
    raise err
  File "/Users/garamantys/PycharmProjects/pythonProject/.venv/lib/python3.9/site-packages/urllib3/util/connection.py", line 73, in create_connection
    sock.connect(sa)
ConnectionRefusedError: [Errno 61] Connection refused

The above exception was the direct cause of the following exception:

Traceback (most recent call last):
  File "/Users/garamantys/PycharmProjects/pythonProject/.venv/lib/python3.9/site-packages/urllib3/connectionpool.py", line 793, in urlopen
    response = self._make_request(
  File "/Users/garamantys/PycharmProjects/pythonProject/.venv/lib/python3.9/site-packages/urllib3/connectionpool.py", line 496, in _make_request
    conn.request(
  File "/Users/garamantys/PycharmProjects/pythonProject/.venv/lib/python3.9/site-packages/urllib3/connection.py", line 400, in request
    self.endheaders()
  File "/Library/Developer/CommandLineTools/Library/Frameworks/Python3.framework/Versions/3.9/lib/python3.9/http/client.py", line 1252, in endheaders
    self._send_output(message_body, encode_chunked=encode_chunked)
  File "/Library/Developer/CommandLineTools/Library/Frameworks/Python3.framework/Versions/3.9/lib/python3.9/http/client.py", line 1012, in _send_output
    self.send(msg)
  File "/Library/Developer/CommandLineTools/Library/Frameworks/Python3.framework/Versions/3.9/lib/python3.9/http/client.py", line 952, in send
    self.connect()
  File "/Users/garamantys/PycharmProjects/pythonProject/.venv/lib/python3.9/site-packages/urllib3/connection.py", line 238, in connect
    self.sock = self._new_conn()
  File "/Users/garamantys/PycharmProjects/pythonProject/.venv/lib/python3.9/site-packages/urllib3/connection.py", line 213, in _new_conn
    raise NewConnectionError(
urllib3.exceptions.NewConnectionError: <urllib3.connection.HTTPConnection object at 0x105c2d0d0>: Failed to establish a new connection: [Errno 61] Connection refused

The above exception was the direct cause of the following exception:

Traceback (most recent call last):
  File "/Users/garamantys/PycharmProjects/pythonProject/.venv/lib/python3.9/site-packages/requests/adapters.py", line 486, in send
    resp = conn.urlopen(
  File "/Users/garamantys/PycharmProjects/pythonProject/.venv/lib/python3.9/site-packages/urllib3/connectionpool.py", line 847, in urlopen
    retries = retries.increment(
  File "/Users/garamantys/PycharmProjects/pythonProject/.venv/lib/python3.9/site-packages/urllib3/util/retry.py", line 515, in increment
    raise MaxRetryError(_pool, url, reason) from reason  # type: ignore[arg-type]
urllib3.exceptions.MaxRetryError: HTTPConnectionPool(host='localhost', port=8000): Max retries exceeded with url: /generate-password?regenerate=True&full_language_name=Persian (Caused by NewConnectionError('<urllib3.connection.HTTPConnection object at 0x105c2d0d0>: Failed to establish a new connection: [Errno 61] Connection refused'))

During handling of the above exception, another exception occurred:

Traceback (most recent call last):
  File "/Users/garamantys/PycharmProjects/pythonProject/.venv/lib/python3.9/site-packages/pynput/_util/__init__.py", line 229, in inner
    return f(self, *args, **kwargs)
  File "/Users/garamantys/PycharmProjects/pythonProject/.venv/lib/python3.9/site-packages/pynput/_util/darwin.py", line 283, in _handler
    self._handle(proxy, event_type, event, refcon)
  File "/Users/garamantys/PycharmProjects/pythonProject/.venv/lib/python3.9/site-packages/pynput/keyboard/_darwin.py", line 289, in _handle
    self.on_press(key)
  File "/Users/garamantys/PycharmProjects/pythonProject/.venv/lib/python3.9/site-packages/pynput/_util/__init__.py", line 145, in inner
    if f(*args) is False:
  File "/Users/garamantys/PycharmProjects/pythonProject/./send_request.py", line 91, in on_press
    password = get_password(regenerate=True)
  File "/Users/garamantys/PycharmProjects/pythonProject/./send_request.py", line 62, in get_password
    response = requests.get(url)
  File "/Users/garamantys/PycharmProjects/pythonProject/.venv/lib/python3.9/site-packages/requests/api.py", line 73, in get
    return request("get", url, params=params, **kwargs)
  File "/Users/garamantys/PycharmProjects/pythonProject/.venv/lib/python3.9/site-packages/requests/api.py", line 59, in request
    return session.request(method=method, url=url, **kwargs)
  File "/Users/garamantys/PycharmProjects/pythonProject/.venv/lib/python3.9/site-packages/requests/sessions.py", line 589, in request
    resp = self.send(prep, **send_kwargs)
  File "/Users/garamantys/PycharmProjects/pythonProject/.venv/lib/python3.9/site-packages/requests/sessions.py", line 703, in send
    r = adapter.send(request, **kwargs)
  File "/Users/garamantys/PycharmProjects/pythonProject/.venv/lib/python3.9/site-packages/requests/adapters.py", line 519, in send
    raise ConnectionError(e, request=request)
requests.exceptions.ConnectionError: HTTPConnectionPool(host='localhost', port=8000): Max retries exceeded with url: /generate-password?regenerate=True&full_language_name=Persian (Caused by NewConnectionError('<urllib3.connection.HTTPConnection object at 0x105c2d0d0>: Failed to establish a new connection: [Errno 61] Connection refused'))
2024-05-19 09:30:49,922 - root - INFO - Starting the server: http://localhost:8000/generate-password
2024-05-19 09:31:26,088 - root - INFO - key retrieved b'LuX-MuNf7nZ27nHvbLasajPdWkzo7xSbuduymw2emO8='
2024-05-19 09:31:27,839 - root - INFO - ['./send_request.py', 'en']
2024-05-19 09:31:27,839 - root - INFO -  language of the locale en, language code fa 
2024-05-19 09:31:27,842 - pynput.keyboard.Listener - ERROR - Unhandled exception in listener callback
Traceback (most recent call last):
  File "/Users/garamantys/PycharmProjects/pythonProject/.venv/lib/python3.9/site-packages/urllib3/connection.py", line 198, in _new_conn
    sock = connection.create_connection(
  File "/Users/garamantys/PycharmProjects/pythonProject/.venv/lib/python3.9/site-packages/urllib3/util/connection.py", line 85, in create_connection
    raise err
  File "/Users/garamantys/PycharmProjects/pythonProject/.venv/lib/python3.9/site-packages/urllib3/util/connection.py", line 73, in create_connection
    sock.connect(sa)
ConnectionRefusedError: [Errno 61] Connection refused

The above exception was the direct cause of the following exception:

Traceback (most recent call last):
  File "/Users/garamantys/PycharmProjects/pythonProject/.venv/lib/python3.9/site-packages/urllib3/connectionpool.py", line 793, in urlopen
    response = self._make_request(
  File "/Users/garamantys/PycharmProjects/pythonProject/.venv/lib/python3.9/site-packages/urllib3/connectionpool.py", line 496, in _make_request
    conn.request(
  File "/Users/garamantys/PycharmProjects/pythonProject/.venv/lib/python3.9/site-packages/urllib3/connection.py", line 400, in request
    self.endheaders()
  File "/Library/Developer/CommandLineTools/Library/Frameworks/Python3.framework/Versions/3.9/lib/python3.9/http/client.py", line 1252, in endheaders
    self._send_output(message_body, encode_chunked=encode_chunked)
  File "/Library/Developer/CommandLineTools/Library/Frameworks/Python3.framework/Versions/3.9/lib/python3.9/http/client.py", line 1012, in _send_output
    self.send(msg)
  File "/Library/Developer/CommandLineTools/Library/Frameworks/Python3.framework/Versions/3.9/lib/python3.9/http/client.py", line 952, in send
    self.connect()
  File "/Users/garamantys/PycharmProjects/pythonProject/.venv/lib/python3.9/site-packages/urllib3/connection.py", line 238, in connect
    self.sock = self._new_conn()
  File "/Users/garamantys/PycharmProjects/pythonProject/.venv/lib/python3.9/site-packages/urllib3/connection.py", line 213, in _new_conn
    raise NewConnectionError(
urllib3.exceptions.NewConnectionError: <urllib3.connection.HTTPConnection object at 0x10853e0a0>: Failed to establish a new connection: [Errno 61] Connection refused

The above exception was the direct cause of the following exception:

Traceback (most recent call last):
  File "/Users/garamantys/PycharmProjects/pythonProject/.venv/lib/python3.9/site-packages/requests/adapters.py", line 486, in send
    resp = conn.urlopen(
  File "/Users/garamantys/PycharmProjects/pythonProject/.venv/lib/python3.9/site-packages/urllib3/connectionpool.py", line 847, in urlopen
    retries = retries.increment(
  File "/Users/garamantys/PycharmProjects/pythonProject/.venv/lib/python3.9/site-packages/urllib3/util/retry.py", line 515, in increment
    raise MaxRetryError(_pool, url, reason) from reason  # type: ignore[arg-type]
urllib3.exceptions.MaxRetryError: HTTPConnectionPool(host='localhost', port=8000): Max retries exceeded with url: /generate-password?regenerate=True&full_language_name=Persian (Caused by NewConnectionError('<urllib3.connection.HTTPConnection object at 0x10853e0a0>: Failed to establish a new connection: [Errno 61] Connection refused'))

During handling of the above exception, another exception occurred:

Traceback (most recent call last):
  File "/Users/garamantys/PycharmProjects/pythonProject/.venv/lib/python3.9/site-packages/pynput/_util/__init__.py", line 229, in inner
    return f(self, *args, **kwargs)
  File "/Users/garamantys/PycharmProjects/pythonProject/.venv/lib/python3.9/site-packages/pynput/_util/darwin.py", line 283, in _handler
    self._handle(proxy, event_type, event, refcon)
  File "/Users/garamantys/PycharmProjects/pythonProject/.venv/lib/python3.9/site-packages/pynput/keyboard/_darwin.py", line 289, in _handle
    self.on_press(key)
  File "/Users/garamantys/PycharmProjects/pythonProject/.venv/lib/python3.9/site-packages/pynput/_util/__init__.py", line 145, in inner
    if f(*args) is False:
  File "/Users/garamantys/PycharmProjects/pythonProject/./send_request.py", line 91, in on_press
    password = get_password(regenerate=True)
  File "/Users/garamantys/PycharmProjects/pythonProject/./send_request.py", line 62, in get_password
    response = requests.get(url)
  File "/Users/garamantys/PycharmProjects/pythonProject/.venv/lib/python3.9/site-packages/requests/api.py", line 73, in get
    return request("get", url, params=params, **kwargs)
  File "/Users/garamantys/PycharmProjects/pythonProject/.venv/lib/python3.9/site-packages/requests/api.py", line 59, in request
    return session.request(method=method, url=url, **kwargs)
  File "/Users/garamantys/PycharmProjects/pythonProject/.venv/lib/python3.9/site-packages/requests/sessions.py", line 589, in request
    resp = self.send(prep, **send_kwargs)
  File "/Users/garamantys/PycharmProjects/pythonProject/.venv/lib/python3.9/site-packages/requests/sessions.py", line 703, in send
    r = adapter.send(request, **kwargs)
  File "/Users/garamantys/PycharmProjects/pythonProject/.venv/lib/python3.9/site-packages/requests/adapters.py", line 519, in send
    raise ConnectionError(e, request=request)
requests.exceptions.ConnectionError: HTTPConnectionPool(host='localhost', port=8000): Max retries exceeded with url: /generate-password?regenerate=True&full_language_name=Persian (Caused by NewConnectionError('<urllib3.connection.HTTPConnection object at 0x10853e0a0>: Failed to establish a new connection: [Errno 61] Connection refused'))
2024-05-19 09:31:29,028 - root - INFO - Starting the server: http://localhost:8000/generate-password
2024-05-19 09:31:56,828 - root - INFO - key retrieved b'LuX-MuNf7nZ27nHvbLasajPdWkzo7xSbuduymw2emO8='
2024-05-19 09:31:59,691 - root - INFO - Starting the server: http://localhost:8000/generate-password
2024-05-19 09:32:04,917 - root - INFO - ['./send_request.py', 'en']
2024-05-19 09:32:04,917 - root - INFO -  language of the locale en, language code fa 
2024-05-19 09:32:15,162 - root - INFO - Prompt: 
    Create one memorable passphrase in Persian for the following application PyCharm
    and context: black. 
    Should be a meaningful sentence: Subject - verb - object
    at least 3 words, at least 13 symbols, no more than 25 symbols 
    Write as {"passphrase" : "your passphrase"}. Return only passphrase. 
    
2024-05-19 09:35:34,001 - root - INFO - key retrieved b'LuX-MuNf7nZ27nHvbLasajPdWkzo7xSbuduymw2emO8='
2024-05-19 09:35:37,674 - root - INFO - Starting the server: http://localhost:8000/generate-password
2024-05-19 09:36:12,708 - root - INFO - ['./send_request.py', 'en']
2024-05-19 09:36:12,708 - root - INFO -  language of the locale en, language code fa 
2024-05-19 09:36:25,694 - root - INFO - Prompt: 
    Create one memorable passphrase in Persian for the following application Acrobat Reader
    and context: white. 
    Should be a meaningful sentence: Subject - verb - object
    at least 3 words, at least 13 symbols, no more than 25 symbols 
    Write as {"passphrase" : "your passphrase"}. Return only passphrase. 
    
2024-05-19 09:36:55,096 - root - INFO - key retrieved b'LuX-MuNf7nZ27nHvbLasajPdWkzo7xSbuduymw2emO8='
2024-05-19 09:36:58,434 - root - INFO - Starting the server: http://localhost:8000/generate-password
2024-05-19 09:37:02,050 - root - INFO - ['./send_request.py', 'en']
2024-05-19 09:37:02,051 - root - INFO -  language of the locale en, language code fa 
2024-05-19 09:37:08,850 - root - INFO - Prompt: 
    Create one memorable passphrase in Persian for the following application Acrobat Reader
    and context: white. 
    Should be a meaningful sentence: Subject - verb - object
    at least 3 words, at least 13 symbols, no more than 25 symbols 
    Write as {"passphrase" : "your passphrase"}. Return only passphrase. 
    
2024-05-19 09:38:31,556 - root - INFO - key retrieved b'LuX-MuNf7nZ27nHvbLasajPdWkzo7xSbuduymw2emO8='
2024-05-19 09:38:35,113 - root - INFO - Starting the server: http://localhost:8000/generate-password
2024-05-19 09:38:45,298 - root - INFO - ['./send_request.py', 'en']
2024-05-19 09:38:45,298 - root - INFO -  language of the locale en, language code fa 
2024-05-19 09:38:54,815 - root - INFO - Prompt: 
    Create one memorable passphrase in Persian for the following application Acrobat Reader
    and context: white. 
    Should be a meaningful sentence: Subject - verb - object
    at least 3 words, at least 13 symbols, no more than 25 symbols 
    Write as {"passphrase" : "your passphrase"}. Return only passphrase. 
    
2024-05-19 09:39:38,262 - root - INFO - key retrieved b'LuX-MuNf7nZ27nHvbLasajPdWkzo7xSbuduymw2emO8='
2024-05-19 09:39:41,774 - root - INFO - Starting the server: http://localhost:8000/generate-password
2024-05-19 09:39:57,292 - root - INFO - ['./send_request.py', 'en']
2024-05-19 09:39:57,293 - root - INFO -  language of the locale en, language code fa 
2024-05-19 09:40:05,467 - root - INFO - Prompt: 
    Create one memorable passphrase in Persian for the following application Acrobat Reader
    and context: white. 
    Should be a meaningful sentence: Subject - verb - object
    at least 3 words, at least 13 symbols, no more than 25 symbols 
    Write as {"passphrase" : "your passphrase"}. Return only passphrase. 
    
2024-05-19 09:42:03,657 - root - INFO - key retrieved b'LuX-MuNf7nZ27nHvbLasajPdWkzo7xSbuduymw2emO8='
2024-05-19 09:42:07,046 - root - INFO - Starting the server: http://localhost:8000/generate-password
2024-05-19 09:42:07,234 - root - INFO - ['./send_request.py', 'en']
2024-05-19 09:42:07,234 - root - INFO -  language of the locale en, language code fa 
2024-05-19 09:42:16,657 - root - INFO - Prompt: 
    Create one memorable passphrase in Persian for the following application Acrobat Reader
    and context: white. 
    Should be a meaningful sentence: Subject - verb - object
    at least 3 words, at least 13 symbols, no more than 25 symbols 
    Write as {"passphrase" : "your passphrase"}. Return only passphrase. 
    
2024-05-19 09:43:50,100 - root - INFO - key retrieved b'LuX-MuNf7nZ27nHvbLasajPdWkzo7xSbuduymw2emO8='
2024-05-19 09:43:53,577 - root - INFO - Starting the server: http://localhost:8000/generate-password
2024-05-19 09:44:14,224 - root - INFO - ['./send_request.py', 'en']
2024-05-19 09:44:14,225 - root - INFO -  language of the locale en, language code fa 
2024-05-19 09:44:23,296 - root - INFO - Prompt: 
    Create one memorable passphrase in Persian for the following application Acrobat Reader
    and context: white. 
    Should be a meaningful sentence: Subject - verb - object
    at least 3 words, at least 13 symbols, no more than 25 symbols 
    Write as {"passphrase" : "your passphrase"}. Return only passphrase. 
    
2024-05-19 09:52:39,444 - root - INFO - key retrieved b'LuX-MuNf7nZ27nHvbLasajPdWkzo7xSbuduymw2emO8='
2024-05-19 09:52:42,794 - root - INFO - Starting the server: http://localhost:8000/generate-password
2024-05-19 09:53:09,971 - root - INFO - ['./send_request.py', 'en']
2024-05-19 09:53:09,972 - root - INFO -  language of the locale en, language code lt 
2024-05-19 09:53:23,617 - root - INFO - Prompt: 
    Create one memorable passphrase in Lithuanian for the following application Acrobat Reader
    and context: white. 
    Should be a meaningful sentence: Subject - verb - object
    at least 3 words, at least 13 symbols, no more than 25 symbols 
    Write as {"passphrase" : "your passphrase"}. Return only passphrase. 
    
2024-05-19 09:54:32,496 - root - INFO - key retrieved b'LuX-MuNf7nZ27nHvbLasajPdWkzo7xSbuduymw2emO8='
2024-05-19 09:54:35,900 - root - INFO - Starting the server: http://localhost:8000/generate-password
2024-05-19 09:54:36,221 - root - INFO - ['./send_request.py', 'en']
2024-05-19 09:54:36,223 - root - INFO -  language of the locale en, language code lt 
2024-05-19 09:54:44,846 - root - INFO - Prompt: 
    Create one memorable passphrase in Lithuanian for the following application Acrobat Reader
    and context: white. 
    Should be a meaningful sentence: Subject - verb - object
    at least 3 words, at least 13 symbols, no more than 25 symbols 
    Write as {"passphrase" : "your passphrase"}. Return only passphrase. 
    
2024-05-19 09:55:10,117 - root - INFO - key retrieved b'LuX-MuNf7nZ27nHvbLasajPdWkzo7xSbuduymw2emO8='
2024-05-19 09:55:13,509 - root - INFO - Starting the server: http://localhost:8000/generate-password
2024-05-19 09:55:43,498 - root - INFO - ['./send_request.py', 'en']
2024-05-19 09:55:43,499 - root - INFO -  language of the locale en, language code fa 
2024-05-19 09:55:52,292 - root - INFO - Prompt: 
    Create one memorable passphrase in Persian for the following application Acrobat Reader
    and context: white. 
    Should be a meaningful sentence: Subject - verb - object
    at least 3 words, at least 13 symbols, no more than 25 symbols 
    Write as {"passphrase" : "your passphrase"}. Return only passphrase. 
    
2024-05-19 09:59:03,952 - root - INFO - key retrieved b'LuX-MuNf7nZ27nHvbLasajPdWkzo7xSbuduymw2emO8='
2024-05-19 09:59:07,441 - root - INFO - Starting the server: http://localhost:8000/generate-password
2024-05-19 10:00:17,893 - root - INFO - ['./send_request.py', 'en']
2024-05-19 10:00:17,895 - root - INFO -  language of the locale en, language code lv 
2024-05-19 10:00:29,918 - root - INFO - Prompt: 
    Create one memorable passphrase in Latvian for the following application Acrobat Reader
    and context: white. 
    Should be a meaningful sentence: Subject - verb - object
    at least 3 words, at least 13 symbols, no more than 25 symbols 
    Write as {"passphrase" : "your passphrase"}. Return only passphrase. 
    
2024-05-19 10:01:27,668 - root - INFO - key retrieved b'LuX-MuNf7nZ27nHvbLasajPdWkzo7xSbuduymw2emO8='
2024-05-19 10:01:30,761 - root - INFO - ['./send_request.py', 'en']
2024-05-19 10:01:30,762 - root - INFO -  language of the locale en, language code lv 
2024-05-19 10:01:30,767 - pynput.keyboard.Listener - ERROR - Unhandled exception in listener callback
Traceback (most recent call last):
  File "/Users/garamantys/PycharmProjects/pythonProject/.venv/lib/python3.9/site-packages/urllib3/connection.py", line 198, in _new_conn
    sock = connection.create_connection(
  File "/Users/garamantys/PycharmProjects/pythonProject/.venv/lib/python3.9/site-packages/urllib3/util/connection.py", line 85, in create_connection
    raise err
  File "/Users/garamantys/PycharmProjects/pythonProject/.venv/lib/python3.9/site-packages/urllib3/util/connection.py", line 73, in create_connection
    sock.connect(sa)
ConnectionRefusedError: [Errno 61] Connection refused

The above exception was the direct cause of the following exception:

Traceback (most recent call last):
  File "/Users/garamantys/PycharmProjects/pythonProject/.venv/lib/python3.9/site-packages/urllib3/connectionpool.py", line 793, in urlopen
    response = self._make_request(
  File "/Users/garamantys/PycharmProjects/pythonProject/.venv/lib/python3.9/site-packages/urllib3/connectionpool.py", line 496, in _make_request
    conn.request(
  File "/Users/garamantys/PycharmProjects/pythonProject/.venv/lib/python3.9/site-packages/urllib3/connection.py", line 400, in request
    self.endheaders()
  File "/Library/Developer/CommandLineTools/Library/Frameworks/Python3.framework/Versions/3.9/lib/python3.9/http/client.py", line 1252, in endheaders
    self._send_output(message_body, encode_chunked=encode_chunked)
  File "/Library/Developer/CommandLineTools/Library/Frameworks/Python3.framework/Versions/3.9/lib/python3.9/http/client.py", line 1012, in _send_output
    self.send(msg)
  File "/Library/Developer/CommandLineTools/Library/Frameworks/Python3.framework/Versions/3.9/lib/python3.9/http/client.py", line 952, in send
    self.connect()
  File "/Users/garamantys/PycharmProjects/pythonProject/.venv/lib/python3.9/site-packages/urllib3/connection.py", line 238, in connect
    self.sock = self._new_conn()
  File "/Users/garamantys/PycharmProjects/pythonProject/.venv/lib/python3.9/site-packages/urllib3/connection.py", line 213, in _new_conn
    raise NewConnectionError(
urllib3.exceptions.NewConnectionError: <urllib3.connection.HTTPConnection object at 0x10443c0d0>: Failed to establish a new connection: [Errno 61] Connection refused

The above exception was the direct cause of the following exception:

Traceback (most recent call last):
  File "/Users/garamantys/PycharmProjects/pythonProject/.venv/lib/python3.9/site-packages/requests/adapters.py", line 486, in send
    resp = conn.urlopen(
  File "/Users/garamantys/PycharmProjects/pythonProject/.venv/lib/python3.9/site-packages/urllib3/connectionpool.py", line 847, in urlopen
    retries = retries.increment(
  File "/Users/garamantys/PycharmProjects/pythonProject/.venv/lib/python3.9/site-packages/urllib3/util/retry.py", line 515, in increment
    raise MaxRetryError(_pool, url, reason) from reason  # type: ignore[arg-type]
urllib3.exceptions.MaxRetryError: HTTPConnectionPool(host='localhost', port=8000): Max retries exceeded with url: /generate-password?regenerate=True&full_language_name=Latvian (Caused by NewConnectionError('<urllib3.connection.HTTPConnection object at 0x10443c0d0>: Failed to establish a new connection: [Errno 61] Connection refused'))

During handling of the above exception, another exception occurred:

Traceback (most recent call last):
  File "/Users/garamantys/PycharmProjects/pythonProject/.venv/lib/python3.9/site-packages/pynput/_util/__init__.py", line 229, in inner
    return f(self, *args, **kwargs)
  File "/Users/garamantys/PycharmProjects/pythonProject/.venv/lib/python3.9/site-packages/pynput/_util/darwin.py", line 283, in _handler
    self._handle(proxy, event_type, event, refcon)
  File "/Users/garamantys/PycharmProjects/pythonProject/.venv/lib/python3.9/site-packages/pynput/keyboard/_darwin.py", line 289, in _handle
    self.on_press(key)
  File "/Users/garamantys/PycharmProjects/pythonProject/.venv/lib/python3.9/site-packages/pynput/_util/__init__.py", line 145, in inner
    if f(*args) is False:
  File "/Users/garamantys/PycharmProjects/pythonProject/./send_request.py", line 91, in on_press
    password = get_password(regenerate=True)
  File "/Users/garamantys/PycharmProjects/pythonProject/./send_request.py", line 62, in get_password
    response = requests.get(url)
  File "/Users/garamantys/PycharmProjects/pythonProject/.venv/lib/python3.9/site-packages/requests/api.py", line 73, in get
    return request("get", url, params=params, **kwargs)
  File "/Users/garamantys/PycharmProjects/pythonProject/.venv/lib/python3.9/site-packages/requests/api.py", line 59, in request
    return session.request(method=method, url=url, **kwargs)
  File "/Users/garamantys/PycharmProjects/pythonProject/.venv/lib/python3.9/site-packages/requests/sessions.py", line 589, in request
    resp = self.send(prep, **send_kwargs)
  File "/Users/garamantys/PycharmProjects/pythonProject/.venv/lib/python3.9/site-packages/requests/sessions.py", line 703, in send
    r = adapter.send(request, **kwargs)
  File "/Users/garamantys/PycharmProjects/pythonProject/.venv/lib/python3.9/site-packages/requests/adapters.py", line 519, in send
    raise ConnectionError(e, request=request)
requests.exceptions.ConnectionError: HTTPConnectionPool(host='localhost', port=8000): Max retries exceeded with url: /generate-password?regenerate=True&full_language_name=Latvian (Caused by NewConnectionError('<urllib3.connection.HTTPConnection object at 0x10443c0d0>: Failed to establish a new connection: [Errno 61] Connection refused'))
2024-05-19 10:01:31,263 - root - INFO - Starting the server: http://localhost:8000/generate-password
2024-05-19 10:01:40,140 - root - INFO - key retrieved b'LuX-MuNf7nZ27nHvbLasajPdWkzo7xSbuduymw2emO8='
2024-05-19 10:01:43,047 - root - INFO - Starting the server: http://localhost:8000/generate-password
2024-05-19 10:02:16,694 - root - INFO - ['./send_request.py', 'en']
2024-05-19 10:02:16,695 - root - INFO -  language of the locale en, language code lv 
2024-05-19 10:02:26,541 - root - INFO - Prompt: 
    Create one memorable passphrase in Latvian for the following application Acrobat Reader
    and context: white. 
    Should be a meaningful sentence: Subject - verb - object
    at least 3 words, at least 13 symbols, no more than 25 symbols 
    Write as {"passphrase" : "your passphrase"}. Return only passphrase. 
    
2024-05-19 10:03:28,042 - root - INFO - key retrieved b'LuX-MuNf7nZ27nHvbLasajPdWkzo7xSbuduymw2emO8='
2024-05-19 10:03:31,702 - root - INFO - Starting the server: http://localhost:8000/generate-password
2024-05-19 10:03:40,011 - root - INFO - ['./send_request.py', 'en']
2024-05-19 10:03:40,011 - root - INFO -  language of the locale en, language code lv 
2024-05-19 10:03:48,382 - root - INFO - Prompt: 
    Create one memorable passphrase in Latvian for the following application Acrobat Reader
    and context: white. 
    Should be a meaningful sentence: Subject - verb - object
    at least 3 words, at least 13 symbols, no more than 25 symbols 
    Write as {"passphrase" : "your passphrase"}. Return only passphrase. 
    
2024-05-19 10:04:40,851 - root - INFO - key retrieved b'LuX-MuNf7nZ27nHvbLasajPdWkzo7xSbuduymw2emO8='
2024-05-19 10:04:44,273 - root - INFO - Starting the server: http://localhost:8000/generate-password
2024-05-19 10:04:45,168 - root - INFO - ['./send_request.py', 'en']
2024-05-19 10:04:45,169 - root - INFO -  language of the locale en, language code ar 
2024-05-19 10:04:53,106 - root - INFO - Prompt: 
    Create one memorable passphrase in Arabic for the following application Acrobat Reader
    and context: white. 
    Should be a meaningful sentence: Subject - verb - object
    at least 3 words, at least 13 symbols, no more than 25 symbols 
    Write as {"passphrase" : "your passphrase"}. Return only passphrase. 
    
2024-05-19 10:05:59,726 - root - INFO - key retrieved b'LuX-MuNf7nZ27nHvbLasajPdWkzo7xSbuduymw2emO8='
2024-05-19 10:06:03,067 - root - INFO - Starting the server: http://localhost:8000/generate-password
2024-05-19 10:06:20,762 - root - INFO - ['./send_request.py', 'en']
2024-05-19 10:06:20,763 - root - INFO -  language of the locale en, language code lv 
2024-05-19 10:06:29,765 - root - INFO - Prompt: 
    Create one memorable passphrase in Latvian for the following application Acrobat Reader
    and context: white. 
    Should be a meaningful sentence: Subject - verb - object
    at least 3 words, at least 13 symbols, no more than 25 symbols 
    Write as {"passphrase" : "your passphrase"}. Return only passphrase. 
    
2024-05-19 10:11:37,968 - root - INFO - key retrieved b'LuX-MuNf7nZ27nHvbLasajPdWkzo7xSbuduymw2emO8='
2024-05-19 10:11:41,480 - root - INFO - Starting the server: http://localhost:8000/generate-password
2024-05-19 10:11:52,661 - root - INFO - ['./send_request.py', 'en']
2024-05-19 10:11:52,662 - root - INFO -  language of the locale en, language code lv 
2024-05-19 10:12:05,759 - root - INFO - Prompt: 
    Create one memorable passphrase in Latvian for the following application Acrobat Reader
    and context: white. 
    Should be a meaningful sentence: Subject - verb - object
    at least 3 words, at least 13 symbols, no more than 25 symbols 
    Write as {"passphrase" : "your passphrase"}. Return only passphrase. 
    
2024-05-19 10:12:33,161 - root - INFO - key retrieved b'LuX-MuNf7nZ27nHvbLasajPdWkzo7xSbuduymw2emO8='
2024-05-19 10:12:36,640 - root - INFO - Starting the server: http://localhost:8000/generate-password
2024-05-19 10:13:00,834 - root - INFO - ['./send_request.py', 'en']
2024-05-19 10:13:00,835 - root - INFO -  language of the locale en, language code fa 
2024-05-19 10:13:07,570 - root - INFO - Prompt: 
    Create one memorable passphrase in Persian for the following application PyCharm
    and context: black. 
    Should be a meaningful sentence: Subject - verb - object
    at least 3 words, at least 13 symbols, no more than 25 symbols 
    Write as {"passphrase" : "your passphrase"}. Return only passphrase. 
    
2024-05-19 10:34:39,733 - root - INFO - key retrieved b'LuX-MuNf7nZ27nHvbLasajPdWkzo7xSbuduymw2emO8='
2024-05-19 10:34:43,960 - root - INFO - Starting the server: http://localhost:8000/generate-password
2024-05-19 10:34:48,909 - root - INFO - ['./send_request.py', 'en']
2024-05-19 10:34:48,910 - root - INFO -  language of the locale en, language code fa 
2024-05-19 10:35:05,958 - root - INFO - Prompt: 
    Create one memorable passphrase in Persian for the following application Spotify
    and context: white. 
    Should be a meaningful sentence: Subject - verb - object
    at least 3 words, at least 13 symbols, no more than 25 symbols 
    Write as {"passphrase" : "your passphrase"}. Return only passphrase. 
    
2024-05-19 10:35:49,025 - root - INFO - Prompt: 
    Create one memorable passphrase in German for the following application Google Chrome
    and context: white. 
    Should be a meaningful sentence: Subject - verb - object
    at least 3 words, at least 13 symbols, no more than 25 symbols 
    Write as {"passphrase" : "your passphrase"}. Return only passphrase. 
    
2024-05-19 11:04:59,714 - pynput.keyboard.Listener - WARNING - This process is not trusted! Input event monitoring will not be possible until it is added to accessibility clients.
2024-05-19 11:05:00,007 - root - INFO - key retrieved b'LuX-MuNf7nZ27nHvbLasajPdWkzo7xSbuduymw2emO8='
2024-05-19 11:05:04,090 - root - INFO - Starting the server: http://localhost:8000/generate-password
2024-05-19 11:05:32,547 - pynput.keyboard.Listener - WARNING - This process is not trusted! Input event monitoring will not be possible until it is added to accessibility clients.
2024-05-19 11:05:32,757 - root - INFO - key retrieved b'LuX-MuNf7nZ27nHvbLasajPdWkzo7xSbuduymw2emO8='
2024-05-19 11:05:35,648 - root - INFO - Starting the server: http://localhost:8000/generate-password
2024-05-19 11:05:45,310 - root - INFO - ['./send_request.py', 'en']
2024-05-19 11:05:45,311 - root - INFO -  language of the locale en, language code fa 
2024-05-19 11:06:00,531 - root - INFO - Prompt: 
    Create one memorable passphrase in Persian for the following application System Settings
    and context: linen. 
    Should be a meaningful sentence: Subject - verb - object
    at least 3 words, at least 13 symbols, no more than 25 symbols 
    Write as {"passphrase" : "your passphrase"}. Return only passphrase. 
    
2024-05-19 11:07:42,011 - pynput.keyboard.Listener - WARNING - This process is not trusted! Input event monitoring will not be possible until it is added to accessibility clients.
2024-05-19 11:07:42,232 - root - INFO - key retrieved b'LuX-MuNf7nZ27nHvbLasajPdWkzo7xSbuduymw2emO8='
2024-05-19 11:07:45,260 - root - INFO - Starting the server: http://localhost:8000/generate-password
2024-05-19 11:07:46,409 - root - INFO - ['./send_request.py', 'en']
2024-05-19 11:07:46,410 - root - INFO -  language of the locale en, language code fa 
2024-05-19 11:07:50,986 - root - INFO - Prompt: 
    Create one memorable passphrase in Persian for the following application Terminal
    and context: linen. 
    Should be a meaningful sentence: Subject - verb - object
    at least 3 words, at least 13 symbols, no more than 25 symbols 
    Write as {"passphrase" : "your passphrase"}. Return only passphrase. 
    
2024-05-19 11:07:56,717 - pynput.keyboard.Listener - ERROR - Unhandled exception in listener callback
Traceback (most recent call last):
  File "/Users/garamantys/PycharmProjects/pythonProject/.venv/lib/python3.9/site-packages/pynput/_util/__init__.py", line 229, in inner
    return f(self, *args, **kwargs)
  File "/Users/garamantys/PycharmProjects/pythonProject/.venv/lib/python3.9/site-packages/pynput/_util/darwin.py", line 283, in _handler
    self._handle(proxy, event_type, event, refcon)
  File "/Users/garamantys/PycharmProjects/pythonProject/.venv/lib/python3.9/site-packages/pynput/keyboard/_darwin.py", line 289, in _handle
    self.on_press(key)
  File "/Users/garamantys/PycharmProjects/pythonProject/.venv/lib/python3.9/site-packages/pynput/_util/__init__.py", line 145, in inner
    if f(*args) is False:
  File "/Users/garamantys/PycharmProjects/pythonProject/./send_request.py", line 92, in on_press
    password = password.encode('latin-1').decode('utf-8')
UnicodeEncodeError: 'latin-1' codec can't encode characters in position 0-9: ordinal not in range(256)
2024-05-19 11:09:31,845 - pynput.keyboard.Listener - WARNING - This process is not trusted! Input event monitoring will not be possible until it is added to accessibility clients.
2024-05-19 11:09:32,079 - root - INFO - key retrieved b'LuX-MuNf7nZ27nHvbLasajPdWkzo7xSbuduymw2emO8='
2024-05-19 11:09:35,066 - root - INFO - Starting the server: http://localhost:8000/generate-password
2024-05-19 11:09:37,382 - root - INFO - ['./send_request.py', 'en']
2024-05-19 11:09:37,382 - root - INFO -  language of the locale en, language code fa 
2024-05-19 11:09:42,677 - root - INFO - Prompt: 
    Create one memorable passphrase in Persian for the following application System Settings
    and context: whitesmoke. 
    Should be a meaningful sentence: Subject - verb - object
    at least 3 words, at least 13 symbols, no more than 25 symbols 
    Write as {"passphrase" : "your passphrase"}. Return only passphrase. 
    
2024-05-19 11:17:37,521 - pynput.keyboard.Listener - WARNING - This process is not trusted! Input event monitoring will not be possible until it is added to accessibility clients.
2024-05-19 11:17:38,064 - root - INFO - key retrieved b'LuX-MuNf7nZ27nHvbLasajPdWkzo7xSbuduymw2emO8='
2024-05-19 11:17:43,534 - root - INFO - Starting the server: http://localhost:8000/generate-password
2024-05-19 11:20:05,004 - pynput.keyboard.Listener - WARNING - This process is not trusted! Input event monitoring will not be possible until it is added to accessibility clients.
2024-05-19 11:20:05,898 - root - INFO - key retrieved b'LuX-MuNf7nZ27nHvbLasajPdWkzo7xSbuduymw2emO8='
2024-05-19 11:20:11,736 - root - INFO - Starting the server: http://localhost:8000/generate-password
2024-05-19 11:22:37,187 - pynput.keyboard.Listener - WARNING - This process is not trusted! Input event monitoring will not be possible until it is added to accessibility clients.
2024-05-19 11:22:37,812 - root - INFO - key retrieved b'LuX-MuNf7nZ27nHvbLasajPdWkzo7xSbuduymw2emO8='
2024-05-19 11:22:49,875 - root - INFO - Starting the server: http://localhost:8000/generate-password
2024-05-19 11:29:11,164 - root - INFO - key retrieved b'LuX-MuNf7nZ27nHvbLasajPdWkzo7xSbuduymw2emO8='
2024-05-19 11:29:16,282 - root - INFO - Starting the server: http://localhost:8000/generate-password
2024-05-19 11:29:45,185 - root - INFO - ['./send_request.py', 'en']
2024-05-19 11:29:45,185 - root - INFO -  language of the locale en, language code fa 
2024-05-19 11:32:29,528 - root - INFO - key retrieved b'LuX-MuNf7nZ27nHvbLasajPdWkzo7xSbuduymw2emO8='
2024-05-19 11:32:35,164 - root - INFO - Starting the server: http://localhost:8000/generate-password
2024-05-19 11:32:44,900 - root - INFO - ['./send_request.py', 'en']
2024-05-19 11:32:44,901 - root - INFO -  language of the locale en, language code fa 
2024-05-19 11:33:09,096 - root - INFO - Prompt: 
    Create one memorable passphrase in Persian for the following application Adobe Acrobat Reader
    and context: linen. 
    Should be a meaningful sentence: Subject - verb - object
    at least 3 words, at least 13 symbols, no more than 25 symbols 
    Write as {"passphrase" : "your passphrase"}. Return only passphrase. 
    
2024-05-19 11:34:30,781 - root - INFO - ['./send_request.py', 'en']
2024-05-19 11:34:30,782 - root - INFO -  language of the locale en, language code fa 
2024-05-19 11:34:35,568 - root - INFO - Prompt: 
    Create one memorable passphrase in Persian for the following application Adobe Acrobat Reader
    and context: linen. 
    Should be a meaningful sentence: Subject - verb - object
    at least 3 words, at least 13 symbols, no more than 25 symbols 
    Write as {"passphrase" : "your passphrase"}. Return only passphrase. 
    
2024-05-19 11:35:41,417 - root - INFO - ['./send_request.py', 'en']
2024-05-19 11:35:41,418 - root - INFO -  language of the locale en, language code fa 
